f:\dml\智能感知\imageregistration\imageregistration\x64\debug\vc140.pdb
f:\dml\智能感知\imageregistration\imageregistration\x64\debug\vc140.idb
f:\dml\智能感知\imageregistration\imageregistration\x64\debug\imageregistration.obj
f:\dml\智能感知\imageregistration\imageregistration\x64\debug\源.obj
f:\dml\智能感知\imageregistration\x64\debug\imageregistration.ilk
f:\dml\智能感知\imageregistration\x64\debug\imageregistration.exe
f:\dml\智能感知\imageregistration\x64\debug\imageregistration.pdb
f:\dml\github\imageregistration\imageregistration\x64\debug\imageregistration.obj
f:\dml\github\imageregistration\imageregistration\x64\debug\源.obj
f:\dml\github\imageregistration\imageregistration\x64\debug\imageregistration.ilk
f:\dml\github\imageregistration\imageregistration\x64\debug\vc140.idb
f:\dml\github\imageregistration\imageregistration\x64\debug\imageregistration.pdb
f:\dml\github\imageregistration\imageregistration\x64\debug\vc140.pdb
f:\dml\github\imageregistration\x64\debug\imageregistration.pdb
f:\dml\github\imageregistration\x64\debug\imageregistration.exe
f:\dml\github\imageregistration\x64\debug\imageregistration.ilk
f:\dml\github\imageregistration\imageregistration\x64\debug\imagereg.097fd488.tlog\cl.command.1.tlog
f:\dml\github\imageregistration\imageregistration\x64\debug\imagereg.097fd488.tlog\cl.read.1.tlog
f:\dml\github\imageregistration\imageregistration\x64\debug\imagereg.097fd488.tlog\cl.write.1.tlog
f:\dml\github\imageregistration\imageregistration\x64\debug\imagereg.097fd488.tlog\link.command.1.tlog
f:\dml\github\imageregistration\imageregistration\x64\debug\imagereg.097fd488.tlog\link.read.1.tlog
f:\dml\github\imageregistration\imageregistration\x64\debug\imagereg.097fd488.tlog\link.write.1.tlog
